<?xml version="1.0" encoding="UTF-8"?>
<!-- Generated by org.testng.reporters.JUnitXMLReporter -->
<testsuite hostname="MAC-DES-104" ignored="0" name="Member Accumulator - Add Communication Test Script(failed)(failed)(failed)(failed)" tests="1" failures="1" timestamp="03 Dec 2018 05:33:54 GMT" time="65.703" errors="0">
  <testcase name="MemberAccumulatorAddCommunicationTestScript" time="65.608" classname="com.test.MemberAccumulatorAddComm">
    <failure type="org.openqa.selenium.NoSuchElementException" message="Cannot locate element with text: 1-ADJCAL | 1-Returned call to provider about adjustment.
For documentation on this error, please visit: http://seleniumhq.org/exceptions/no_such_element.html
Build info: version: &amp;apos;3.11.0&amp;apos;, revision: &amp;apos;e59cfb3&amp;apos;, time: &amp;apos;2018-03-11T20:33:15.31Z&amp;apos;
System info: host: &amp;apos;MAC-DES-104&amp;apos;, ip: &amp;apos;192.168.1.19&amp;apos;, os.name: &amp;apos;Windows 10&amp;apos;, os.arch: &amp;apos;amd64&amp;apos;, os.version: &amp;apos;10.0&amp;apos;, java.version: &amp;apos;1.8.0_171&amp;apos;
Driver info: driver.version: unknown">
      <![CDATA[org.openqa.selenium.NoSuchElementException: Cannot locate element with text: 1-ADJCAL | 1-Returned call to provider about adjustment.
For documentation on this error, please visit: http://seleniumhq.org/exceptions/no_such_element.html
Build info: version: '3.11.0', revision: 'e59cfb3', time: '2018-03-11T20:33:15.31Z'
System info: host: 'MAC-DES-104', ip: '192.168.1.19', os.name: 'Windows 10', os.arch: 'amd64', os.version: '10.0', java.version: '1.8.0_171'
Driver info: driver.version: unknown
	at org.openqa.selenium.support.ui.Select.selectByVisibleText(Select.java:151)
	at com.pages.MemberAccumulatorListingPage.memberAccumulatorAddComm(MemberAccumulatorListingPage.java:267)
	at com.test.MemberAccumulatorAddComm.memberAccumulatorAddCommunicationMultiple(MemberAccumulatorAddComm.java:106)
	at com.test.MemberAccumulatorAddComm.MemberAccumulatorAddCommunicationTestScript(MemberAccumulatorAddComm.java:61)
... Removed 25 stack frames]]>
    </failure>
  </testcase> <!-- MemberAccumulatorAddCommunicationTestScript -->
</testsuite> <!-- Member Accumulator - Add Communication Test Script(failed)(failed)(failed)(failed) -->
